app/build/intermediates/manifest_merge_blame_file/debug/processDebugMainManifest/manifest-merger-blame-debug-report.txt
1<?xml version="1.0" encoding="utf-8"?>
2<manifest xmlns:android="http://schemas.android.com/apk/res/android"
3    package="com.vitalforge.watch"
4    android:versionCode="1"
5    android:versionName="1.0.0" >
6
7    <uses-sdk
7-->src\main\AndroidManifest.xml:4:5-74
8        android:minSdkVersion="30"
8-->src\main\AndroidManifest.xml:4:15-41
9        android:targetSdkVersion="34" />
9-->src\main\AndroidManifest.xml:4:42-71
10
11    <uses-permission android:name="android.permission.BODY_SENSORS" />
11-->src\main\AndroidManifest.xml:6:5-71
11-->src\main\AndroidManifest.xml:6:22-68
12    <uses-permission android:name="android.permission.ACTIVITY_RECOGNITION" />
12-->src\main\AndroidManifest.xml:7:5-79
12-->src\main\AndroidManifest.xml:7:22-76
13    <uses-permission android:name="android.permission.BLUETOOTH" />
13-->src\main\AndroidManifest.xml:8:5-68
13-->src\main\AndroidManifest.xml:8:22-65
14    <uses-permission android:name="android.permission.BLUETOOTH_ADMIN" />
14-->src\main\AndroidManifest.xml:9:5-74
14-->src\main\AndroidManifest.xml:9:22-71
15    <uses-permission android:name="android.permission.BLUETOOTH_CONNECT" />
15-->src\main\AndroidManifest.xml:10:5-76
15-->src\main\AndroidManifest.xml:10:22-73
16    <uses-permission android:name="android.permission.BLUETOOTH_SCAN" />
16-->src\main\AndroidManifest.xml:11:5-73
16-->src\main\AndroidManifest.xml:11:22-70
17    <uses-permission android:name="android.permission.ACCESS_FINE_LOCATION" />
17-->src\main\AndroidManifest.xml:12:5-79
17-->src\main\AndroidManifest.xml:12:22-76
18    <uses-permission android:name="android.permission.FOREGROUND_SERVICE" />
18-->src\main\AndroidManifest.xml:13:5-77
18-->src\main\AndroidManifest.xml:13:22-74
19    <uses-permission
19-->src\main\AndroidManifest.xml:14:5-15:38
20        android:name="android.permission.WRITE_EXTERNAL_STORAGE"
20-->src\main\AndroidManifest.xml:14:22-78
21        android:maxSdkVersion="28" />
21-->src\main\AndroidManifest.xml:15:9-35
22    <uses-permission android:name="android.permission.INTERNET" />
22-->src\main\AndroidManifest.xml:16:5-67
22-->src\main\AndroidManifest.xml:16:22-64
23
24    <queries>
24-->[androidx.health:health-services-client:1.0.0-beta03] AndroidManifest.xml:19:5-21:15
25        <package android:name="com.google.android.wearable.healthservices" />
25-->[androidx.health:health-services-client:1.0.0-beta03] AndroidManifest.xml:20:9-78
25-->[androidx.health:health-services-client:1.0.0-beta03] AndroidManifest.xml:20:18-75
26    </queries>
27
28    <uses-permission android:name="android.permission.WAKE_LOCK" />
28-->[androidx.work:work-runtime:2.8.1] AndroidManifest.xml:23:5-68
28-->[androidx.work:work-runtime:2.8.1] AndroidManifest.xml:23:22-65
29    <uses-permission android:name="android.permission.ACCESS_NETWORK_STATE" />
29-->[androidx.work:work-runtime:2.8.1] AndroidManifest.xml:24:5-79
29-->[androidx.work:work-runtime:2.8.1] AndroidManifest.xml:24:22-76
30    <uses-permission android:name="android.permission.RECEIVE_BOOT_COMPLETED" />
30-->[androidx.work:work-runtime:2.8.1] AndroidManifest.xml:25:5-81
30-->[androidx.work:work-runtime:2.8.1] AndroidManifest.xml:25:22-78
31
32    <permission
32-->[androidx.core:core:1.13.0] AndroidManifest.xml:22:5-24:47
33        android:name="com.vitalforge.watch.DYNAMIC_RECEIVER_NOT_EXPORTED_PERMISSION"
33-->[androidx.core:core:1.13.0] AndroidManifest.xml:23:9-81
34        android:protectionLevel="signature" />
34-->[androidx.core:core:1.13.0] AndroidManifest.xml:24:9-44
35
36    <uses-permission android:name="com.vitalforge.watch.DYNAMIC_RECEIVER_NOT_EXPORTED_PERMISSION" />
36-->[androidx.core:core:1.13.0] AndroidManifest.xml:26:5-97
36-->[androidx.core:core:1.13.0] AndroidManifest.xml:26:22-94
37
38    <application
38-->src\main\AndroidManifest.xml:18:5-53:19
39        android:name="com.vitalforge.watch.WatchApplication"
39-->src\main\AndroidManifest.xml:19:9-41
40        android:allowBackup="true"
40-->src\main\AndroidManifest.xml:22:9-35
41        android:appComponentFactory="androidx.core.app.CoreComponentFactory"
41-->[androidx.core:core:1.13.0] AndroidManifest.xml:28:18-86
42        android:debuggable="true"
43        android:extractNativeLibs="false"
44        android:icon="@android:drawable/ic_dialog_info"
44-->src\main\AndroidManifest.xml:20:9-56
45        android:roundIcon="@android:drawable/ic_dialog_info"
45-->src\main\AndroidManifest.xml:21:9-61
46        android:supportsRtl="true"
46-->src\main\AndroidManifest.xml:23:9-35
47        android:theme="@android:style/Theme.Material.Light" >
47-->src\main\AndroidManifest.xml:24:9-60
48        <meta-data
49            android:name="com.google.android.health.API_KEY"
49-->src\main\AndroidManifest.xml:27:13-61
50            android:value="AIzaSyAfVUgAW_Kdn3Xzv6IJHMjwKh3ZPZQsyZk" />
50-->src\main\AndroidManifest.xml:28:13-55
51
52        <activity
52-->src\main\AndroidManifest.xml:30:9-38:20
53            android:name="com.vitalforge.watch.ui.MainWearActivity"
53-->src\main\AndroidManifest.xml:31:13-48
54            android:exported="true"
54-->src\main\AndroidManifest.xml:32:13-36
55            android:theme="@android:style/Theme.Material.Light.NoActionBar" >
55-->src\main\AndroidManifest.xml:33:13-76
56            <intent-filter>
56-->src\main\AndroidManifest.xml:34:13-37:29
57                <action android:name="android.intent.action.MAIN" />
57-->src\main\AndroidManifest.xml:35:17-69
57-->src\main\AndroidManifest.xml:35:25-66
58
59                <category android:name="com.google.android.wearable.action.WEARABLE_APPLICATION" />
59-->src\main\AndroidManifest.xml:36:17-100
59-->src\main\AndroidManifest.xml:36:27-97
60            </intent-filter>
61        </activity>
62
63        <service
63-->src\main\AndroidManifest.xml:40:9-43:65
64            android:name="com.vitalforge.watch.ble.WearBleService"
64-->src\main\AndroidManifest.xml:41:13-47
65            android:exported="false"
65-->src\main\AndroidManifest.xml:42:13-37
66            android:permission="android.permission.BLUETOOTH" />
66-->src\main\AndroidManifest.xml:43:13-62
67
68        <provider
69            android:name="androidx.work.impl.WorkManagerInitializer"
69-->src\main\AndroidManifest.xml:46:13-69
70            android:authorities="com.vitalforge.watch.workmanager-init"
70-->src\main\AndroidManifest.xml:47:13-68
71            android:exported="false" />
71-->src\main\AndroidManifest.xml:48:13-37
72
73        <meta-data
73-->src\main\AndroidManifest.xml:50:9-52:36
74            android:name="dagger.hilt.android.internal.disableAndroidSuperclassValidation"
74-->src\main\AndroidManifest.xml:51:13-91
75            android:value="true" />
75-->src\main\AndroidManifest.xml:52:13-33
76
77        <activity
77-->[androidx.compose.ui:ui-tooling-android:1.6.0] AndroidManifest.xml:23:9-25:39
78            android:name="androidx.compose.ui.tooling.PreviewActivity"
78-->[androidx.compose.ui:ui-tooling-android:1.6.0] AndroidManifest.xml:24:13-71
79            android:exported="true" />
79-->[androidx.compose.ui:ui-tooling-android:1.6.0] AndroidManifest.xml:25:13-36
80
81        <service
81-->[androidx.health:health-services-client:1.0.0-beta03] AndroidManifest.xml:24:9-31:19
82            android:name="androidx.health.services.client.VersionApiService"
82-->[androidx.health:health-services-client:1.0.0-beta03] AndroidManifest.xml:25:13-77
83            android:exported="true"
83-->[androidx.health:health-services-client:1.0.0-beta03] AndroidManifest.xml:26:13-36
84            android:permission="com.google.android.wearable.healthservices.permission.PASSIVE_DATA_BINDING" >
84-->[androidx.health:health-services-client:1.0.0-beta03] AndroidManifest.xml:27:13-108
85            <intent-filter>
85-->[androidx.health:health-services-client:1.0.0-beta03] AndroidManifest.xml:28:13-30:29
86                <action android:name="hs.versionclient.BIND" />
86-->[androidx.health:health-services-client:1.0.0-beta03] AndroidManifest.xml:29:17-64
86-->[androidx.health:health-services-client:1.0.0-beta03] AndroidManifest.xml:29:25-61
87            </intent-filter>
88        </service>
89
90        <provider
90-->[androidx.work:work-runtime:2.8.1] AndroidManifest.xml:29:9-37:20
91            android:name="androidx.startup.InitializationProvider"
91-->[androidx.work:work-runtime:2.8.1] AndroidManifest.xml:30:13-67
92            android:authorities="com.vitalforge.watch.androidx-startup"
92-->[androidx.work:work-runtime:2.8.1] AndroidManifest.xml:31:13-68
93            android:exported="false" >
93-->[androidx.work:work-runtime:2.8.1] AndroidManifest.xml:32:13-37
94            <meta-data
94-->[androidx.work:work-runtime:2.8.1] AndroidManifest.xml:34:13-36:52
95                android:name="androidx.work.WorkManagerInitializer"
95-->[androidx.work:work-runtime:2.8.1] AndroidManifest.xml:35:17-68
96                android:value="androidx.startup" />
96-->[androidx.work:work-runtime:2.8.1] AndroidManifest.xml:36:17-49
97            <meta-data
97-->[androidx.emoji2:emoji2:1.3.0] AndroidManifest.xml:29:13-31:52
98                android:name="androidx.emoji2.text.EmojiCompatInitializer"
98-->[androidx.emoji2:emoji2:1.3.0] AndroidManifest.xml:30:17-75
99                android:value="androidx.startup" />
99-->[androidx.emoji2:emoji2:1.3.0] AndroidManifest.xml:31:17-49
100            <meta-data
100-->[androidx.lifecycle:lifecycle-process:2.6.2] AndroidManifest.xml:29:13-31:52
101                android:name="androidx.lifecycle.ProcessLifecycleInitializer"
101-->[androidx.lifecycle:lifecycle-process:2.6.2] AndroidManifest.xml:30:17-78
102                android:value="androidx.startup" />
102-->[androidx.lifecycle:lifecycle-process:2.6.2] AndroidManifest.xml:31:17-49
103            <meta-data
103-->[androidx.profileinstaller:profileinstaller:1.3.1] AndroidManifest.xml:29:13-31:52
104                android:name="androidx.profileinstaller.ProfileInstallerInitializer"
104-->[androidx.profileinstaller:profileinstaller:1.3.1] AndroidManifest.xml:30:17-85
105                android:value="androidx.startup" />
105-->[androidx.profileinstaller:profileinstaller:1.3.1] AndroidManifest.xml:31:17-49
106        </provider>
107
108        <service
108-->[androidx.work:work-runtime:2.8.1] AndroidManifest.xml:39:9-45:35
109            android:name="androidx.work.impl.background.systemalarm.SystemAlarmService"
109-->[androidx.work:work-runtime:2.8.1] AndroidManifest.xml:40:13-88
110            android:directBootAware="false"
110-->[androidx.work:work-runtime:2.8.1] AndroidManifest.xml:41:13-44
111            android:enabled="@bool/enable_system_alarm_service_default"
111-->[androidx.work:work-runtime:2.8.1] AndroidManifest.xml:42:13-72
112            android:exported="false" />
112-->[androidx.work:work-runtime:2.8.1] AndroidManifest.xml:43:13-37
113        <service
113-->[androidx.work:work-runtime:2.8.1] AndroidManifest.xml:46:9-52:35
114            android:name="androidx.work.impl.background.systemjob.SystemJobService"
114-->[androidx.work:work-runtime:2.8.1] AndroidManifest.xml:47:13-84
115            android:directBootAware="false"
115-->[androidx.work:work-runtime:2.8.1] AndroidManifest.xml:48:13-44
116            android:enabled="@bool/enable_system_job_service_default"
116-->[androidx.work:work-runtime:2.8.1] AndroidManifest.xml:49:13-70
117            android:exported="true"
117-->[androidx.work:work-runtime:2.8.1] AndroidManifest.xml:50:13-36
118            android:permission="android.permission.BIND_JOB_SERVICE" />
118-->[androidx.work:work-runtime:2.8.1] AndroidManifest.xml:51:13-69
119        <service
119-->[androidx.work:work-runtime:2.8.1] AndroidManifest.xml:53:9-59:35
120            android:name="androidx.work.impl.foreground.SystemForegroundService"
120-->[androidx.work:work-runtime:2.8.1] AndroidManifest.xml:54:13-81
121            android:directBootAware="false"
121-->[androidx.work:work-runtime:2.8.1] AndroidManifest.xml:55:13-44
122            android:enabled="@bool/enable_system_foreground_service_default"
122-->[androidx.work:work-runtime:2.8.1] AndroidManifest.xml:56:13-77
123            android:exported="false" />
123-->[androidx.work:work-runtime:2.8.1] AndroidManifest.xml:57:13-37
124
125        <receiver
125-->[androidx.work:work-runtime:2.8.1] AndroidManifest.xml:61:9-66:35
126            android:name="androidx.work.impl.utils.ForceStopRunnable$BroadcastReceiver"
126-->[androidx.work:work-runtime:2.8.1] AndroidManifest.xml:62:13-88
127            android:directBootAware="false"
127-->[androidx.work:work-runtime:2.8.1] AndroidManifest.xml:63:13-44
128            android:enabled="true"
128-->[androidx.work:work-runtime:2.8.1] AndroidManifest.xml:64:13-35
129            android:exported="false" />
129-->[androidx.work:work-runtime:2.8.1] AndroidManifest.xml:65:13-37
130        <receiver
130-->[androidx.work:work-runtime:2.8.1] AndroidManifest.xml:67:9-77:20
131            android:name="androidx.work.impl.background.systemalarm.ConstraintProxy$BatteryChargingProxy"
131-->[androidx.work:work-runtime:2.8.1] AndroidManifest.xml:68:13-106
132            android:directBootAware="false"
132-->[androidx.work:work-runtime:2.8.1] AndroidManifest.xml:69:13-44
133            android:enabled="false"
133-->[androidx.work:work-runtime:2.8.1] AndroidManifest.xml:70:13-36
134            android:exported="false" >
134-->[androidx.work:work-runtime:2.8.1] AndroidManifest.xml:71:13-37
135            <intent-filter>
135-->[androidx.work:work-runtime:2.8.1] AndroidManifest.xml:73:13-76:29
136                <action android:name="android.intent.action.ACTION_POWER_CONNECTED" />
136-->[androidx.work:work-runtime:2.8.1] AndroidManifest.xml:74:17-87
136-->[androidx.work:work-runtime:2.8.1] AndroidManifest.xml:74:25-84
137                <action android:name="android.intent.action.ACTION_POWER_DISCONNECTED" />
137-->[androidx.work:work-runtime:2.8.1] AndroidManifest.xml:75:17-90
137-->[androidx.work:work-runtime:2.8.1] AndroidManifest.xml:75:25-87
138            </intent-filter>
139        </receiver>
140        <receiver
140-->[androidx.work:work-runtime:2.8.1] AndroidManifest.xml:78:9-88:20
141            android:name="androidx.work.impl.background.systemalarm.ConstraintProxy$BatteryNotLowProxy"
141-->[androidx.work:work-runtime:2.8.1] AndroidManifest.xml:79:13-104
142            android:directBootAware="false"
142-->[androidx.work:work-runtime:2.8.1] AndroidManifest.xml:80:13-44
143            android:enabled="false"
143-->[androidx.work:work-runtime:2.8.1] AndroidManifest.xml:81:13-36
144            android:exported="false" >
144-->[androidx.work:work-runtime:2.8.1] AndroidManifest.xml:82:13-37
145            <intent-filter>
145-->[androidx.work:work-runtime:2.8.1] AndroidManifest.xml:84:13-87:29
146                <action android:name="android.intent.action.BATTERY_OKAY" />
146-->[androidx.work:work-runtime:2.8.1] AndroidManifest.xml:85:17-77
146-->[androidx.work:work-runtime:2.8.1] AndroidManifest.xml:85:25-74
147                <action android:name="android.intent.action.BATTERY_LOW" />
147-->[androidx.work:work-runtime:2.8.1] AndroidManifest.xml:86:17-76
147-->[androidx.work:work-runtime:2.8.1] AndroidManifest.xml:86:25-73
148            </intent-filter>
149        </receiver>
150        <receiver
150-->[androidx.work:work-runtime:2.8.1] AndroidManifest.xml:89:9-99:20
151            android:name="androidx.work.impl.background.systemalarm.ConstraintProxy$StorageNotLowProxy"
151-->[androidx.work:work-runtime:2.8.1] AndroidManifest.xml:90:13-104
152            android:directBootAware="false"
152-->[androidx.work:work-runtime:2.8.1] AndroidManifest.xml:91:13-44
153            android:enabled="false"
153-->[androidx.work:work-runtime:2.8.1] AndroidManifest.xml:92:13-36
154            android:exported="false" >
154-->[androidx.work:work-runtime:2.8.1] AndroidManifest.xml:93:13-37
155            <intent-filter>
155-->[androidx.work:work-runtime:2.8.1] AndroidManifest.xml:95:13-98:29
156                <action android:name="android.intent.action.DEVICE_STORAGE_LOW" />
156-->[androidx.work:work-runtime:2.8.1] AndroidManifest.xml:96:17-83
156-->[androidx.work:work-runtime:2.8.1] AndroidManifest.xml:96:25-80
157                <action android:name="android.intent.action.DEVICE_STORAGE_OK" />
157-->[androidx.work:work-runtime:2.8.1] AndroidManifest.xml:97:17-82
157-->[androidx.work:work-runtime:2.8.1] AndroidManifest.xml:97:25-79
158            </intent-filter>
159        </receiver>
160        <receiver
160-->[androidx.work:work-runtime:2.8.1] AndroidManifest.xml:100:9-109:20
161            android:name="androidx.work.impl.background.systemalarm.ConstraintProxy$NetworkStateProxy"
161-->[androidx.work:work-runtime:2.8.1] AndroidManifest.xml:101:13-103
162            android:directBootAware="false"
162-->[androidx.work:work-runtime:2.8.1] AndroidManifest.xml:102:13-44
163            android:enabled="false"
163-->[androidx.work:work-runtime:2.8.1] AndroidManifest.xml:103:13-36
164            android:exported="false" >
164-->[androidx.work:work-runtime:2.8.1] AndroidManifest.xml:104:13-37
165            <intent-filter>
165-->[androidx.work:work-runtime:2.8.1] AndroidManifest.xml:106:13-108:29
166                <action android:name="android.net.conn.CONNECTIVITY_CHANGE" />
166-->[androidx.work:work-runtime:2.8.1] AndroidManifest.xml:107:17-79
166-->[androidx.work:work-runtime:2.8.1] AndroidManifest.xml:107:25-76
167            </intent-filter>
168        </receiver>
169        <receiver
169-->[androidx.work:work-runtime:2.8.1] AndroidManifest.xml:110:9-121:20
170            android:name="androidx.work.impl.background.systemalarm.RescheduleReceiver"
170-->[androidx.work:work-runtime:2.8.1] AndroidManifest.xml:111:13-88
171            android:directBootAware="false"
171-->[androidx.work:work-runtime:2.8.1] AndroidManifest.xml:112:13-44
172            android:enabled="false"
172-->[androidx.work:work-runtime:2.8.1] AndroidManifest.xml:113:13-36
173            android:exported="false" >
173-->[androidx.work:work-runtime:2.8.1] AndroidManifest.xml:114:13-37
174            <intent-filter>
174-->[androidx.work:work-runtime:2.8.1] AndroidManifest.xml:116:13-120:29
175                <action android:name="android.intent.action.BOOT_COMPLETED" />
175-->[androidx.work:work-runtime:2.8.1] AndroidManifest.xml:117:17-79
175-->[androidx.work:work-runtime:2.8.1] AndroidManifest.xml:117:25-76
176                <action android:name="android.intent.action.TIME_SET" />
176-->[androidx.work:work-runtime:2.8.1] AndroidManifest.xml:118:17-73
176-->[androidx.work:work-runtime:2.8.1] AndroidManifest.xml:118:25-70
177                <action android:name="android.intent.action.TIMEZONE_CHANGED" />
177-->[androidx.work:work-runtime:2.8.1] AndroidManifest.xml:119:17-81
177-->[androidx.work:work-runtime:2.8.1] AndroidManifest.xml:119:25-78
178            </intent-filter>
179        </receiver>
180        <receiver
180-->[androidx.work:work-runtime:2.8.1] AndroidManifest.xml:122:9-131:20
181            android:name="androidx.work.impl.background.systemalarm.ConstraintProxyUpdateReceiver"
181-->[androidx.work:work-runtime:2.8.1] AndroidManifest.xml:123:13-99
182            android:directBootAware="false"
182-->[androidx.work:work-runtime:2.8.1] AndroidManifest.xml:124:13-44
183            android:enabled="@bool/enable_system_alarm_service_default"
183-->[androidx.work:work-runtime:2.8.1] AndroidManifest.xml:125:13-72
184            android:exported="false" >
184-->[androidx.work:work-runtime:2.8.1] AndroidManifest.xml:126:13-37
185            <intent-filter>
185-->[androidx.work:work-runtime:2.8.1] AndroidManifest.xml:128:13-130:29
186                <action android:name="androidx.work.impl.background.systemalarm.UpdateProxies" />
186-->[androidx.work:work-runtime:2.8.1] AndroidManifest.xml:129:17-98
186-->[androidx.work:work-runtime:2.8.1] AndroidManifest.xml:129:25-95
187            </intent-filter>
188        </receiver>
189        <receiver
189-->[androidx.work:work-runtime:2.8.1] AndroidManifest.xml:132:9-142:20
190            android:name="androidx.work.impl.diagnostics.DiagnosticsReceiver"
190-->[androidx.work:work-runtime:2.8.1] AndroidManifest.xml:133:13-78
191            android:directBootAware="false"
191-->[androidx.work:work-runtime:2.8.1] AndroidManifest.xml:134:13-44
192            android:enabled="true"
192-->[androidx.work:work-runtime:2.8.1] AndroidManifest.xml:135:13-35
193            android:exported="true"
193-->[androidx.work:work-runtime:2.8.1] AndroidManifest.xml:136:13-36
194            android:permission="android.permission.DUMP" >
194-->[androidx.work:work-runtime:2.8.1] AndroidManifest.xml:137:13-57
195            <intent-filter>
195-->[androidx.work:work-runtime:2.8.1] AndroidManifest.xml:139:13-141:29
196                <action android:name="androidx.work.diagnostics.REQUEST_DIAGNOSTICS" />
196-->[androidx.work:work-runtime:2.8.1] AndroidManifest.xml:140:17-88
196-->[androidx.work:work-runtime:2.8.1] AndroidManifest.xml:140:25-85
197            </intent-filter>
198        </receiver>
199
200        <service
200-->[androidx.room:room-runtime:2.6.1] AndroidManifest.xml:24:9-28:63
201            android:name="androidx.room.MultiInstanceInvalidationService"
201-->[androidx.room:room-runtime:2.6.1] AndroidManifest.xml:25:13-74
202            android:directBootAware="true"
202-->[androidx.room:room-runtime:2.6.1] AndroidManifest.xml:26:13-43
203            android:exported="false" />
203-->[androidx.room:room-runtime:2.6.1] AndroidManifest.xml:27:13-37
204
205        <receiver
205-->[androidx.profileinstaller:profileinstaller:1.3.1] AndroidManifest.xml:34:9-52:20
206            android:name="androidx.profileinstaller.ProfileInstallReceiver"
206-->[androidx.profileinstaller:profileinstaller:1.3.1] AndroidManifest.xml:35:13-76
207            android:directBootAware="false"
207-->[androidx.profileinstaller:profileinstaller:1.3.1] AndroidManifest.xml:36:13-44
208            android:enabled="true"
208-->[androidx.profileinstaller:profileinstaller:1.3.1] AndroidManifest.xml:37:13-35
209            android:exported="true"
209-->[androidx.profileinstaller:profileinstaller:1.3.1] AndroidManifest.xml:38:13-36
210            android:permission="android.permission.DUMP" >
210-->[androidx.profileinstaller:profileinstaller:1.3.1] AndroidManifest.xml:39:13-57
211            <intent-filter>
211-->[androidx.profileinstaller:profileinstaller:1.3.1] AndroidManifest.xml:40:13-42:29
212                <action android:name="androidx.profileinstaller.action.INSTALL_PROFILE" />
212-->[androidx.profileinstaller:profileinstaller:1.3.1] AndroidManifest.xml:41:17-91
212-->[androidx.profileinstaller:profileinstaller:1.3.1] AndroidManifest.xml:41:25-88
213            </intent-filter>
214            <intent-filter>
214-->[androidx.profileinstaller:profileinstaller:1.3.1] AndroidManifest.xml:43:13-45:29
215                <action android:name="androidx.profileinstaller.action.SKIP_FILE" />
215-->[androidx.profileinstaller:profileinstaller:1.3.1] AndroidManifest.xml:44:17-85
215-->[androidx.profileinstaller:profileinstaller:1.3.1] AndroidManifest.xml:44:25-82
216            </intent-filter>
217            <intent-filter>
217-->[androidx.profileinstaller:profileinstaller:1.3.1] AndroidManifest.xml:46:13-48:29
218                <action android:name="androidx.profileinstaller.action.SAVE_PROFILE" />
218-->[androidx.profileinstaller:profileinstaller:1.3.1] AndroidManifest.xml:47:17-88
218-->[androidx.profileinstaller:profileinstaller:1.3.1] AndroidManifest.xml:47:25-85
219            </intent-filter>
220            <intent-filter>
220-->[androidx.profileinstaller:profileinstaller:1.3.1] AndroidManifest.xml:49:13-51:29
221                <action android:name="androidx.profileinstaller.action.BENCHMARK_OPERATION" />
221-->[androidx.profileinstaller:profileinstaller:1.3.1] AndroidManifest.xml:50:17-95
221-->[androidx.profileinstaller:profileinstaller:1.3.1] AndroidManifest.xml:50:25-92
222            </intent-filter>
223        </receiver>
224    </application>
225
226</manifest>